DEBUG 21-07-29 16:35:10[HikariPool-2 housekeeper] [HikariPool:421] - HikariPool-2 - Pool stats (total=10, active=0, idle=10, waiting=0)
DEBUG 21-07-29 16:35:10[HikariPool-2 housekeeper] [HikariPool:518] - HikariPool-2 - Fill pool skipped, pool is at sufficient level.
DEBUG 21-07-29 16:35:40[HikariPool-2 housekeeper] [HikariPool:421] - HikariPool-2 - Pool stats (total=10, active=0, idle=10, waiting=0)
DEBUG 21-07-29 16:35:40[HikariPool-2 housekeeper] [HikariPool:518] - HikariPool-2 - Fill pool skipped, pool is at sufficient level.
DEBUG 21-07-29 16:36:09[File Watcher] [Restarter:249] - Restarting application
DEBUG 21-07-29 16:36:09[Thread-8] [Restarter:305] - Stopping application
DEBUG 21-07-29 16:36:09[Thread-8] [ApplicationAvailabilityBean:77] - Application availability state ReadinessState changed from ACCEPTING_TRAFFIC to REFUSING_TRAFFIC
DEBUG 21-07-29 16:36:09[Thread-8] [AnnotationConfigServletWebServerApplicationContext:1049] - Closing org.springframework.boot.web.servlet.context.AnnotationConfigServletWebServerApplicationContext@21ab0ac4, started on Thu Jul 29 16:34:34 KST 2021
DEBUG 21-07-29 16:36:09[Thread-8] [DefaultLifecycleProcessor:365] - Stopping beans in phase 2147483647
DEBUG 21-07-29 16:36:09[Thread-8] [DefaultLifecycleProcessor:238] - Bean 'webServerGracefulShutdown' completed its stop procedure
DEBUG 21-07-29 16:36:09[Thread-8] [DefaultLifecycleProcessor:365] - Stopping beans in phase 2147483646
DEBUG 21-07-29 16:36:10[HikariPool-2 housekeeper] [HikariPool:421] - HikariPool-2 - Pool stats (total=10, active=0, idle=10, waiting=0)
DEBUG 21-07-29 16:36:10[HikariPool-2 housekeeper] [HikariPool:518] - HikariPool-2 - Fill pool skipped, pool is at sufficient level.
DEBUG 21-07-29 16:36:10[Thread-8] [DefaultLifecycleProcessor:238] - Bean 'webServerStartStop' completed its stop procedure
DEBUG 21-07-29 16:36:10[Thread-8] [ThreadPoolTaskExecutor:218] - Shutting down ExecutorService 'applicationTaskExecutor'
INFO  21-07-29 16:36:10[Thread-8] [LocalContainerEntityManagerFactoryBean:651] - Closing JPA EntityManagerFactory for persistence unit 'default'
DEBUG 21-07-29 16:36:10[Thread-8] [SessionFactoryImpl:792] - HHH000031: Closing
INFO  21-07-29 16:36:10[Thread-8] [SchemaDropperImpl$DelayedDropActionImpl:526] - HHH000477: Starting delayed evictData of schema as part of SessionFactory shut-down'
DEBUG 21-07-29 16:36:10[Thread-8] [TypeConfiguration$Scope:350] - Un-scoping TypeConfiguration [org.hibernate.type.spi.TypeConfiguration$Scope@4ba2ef99] from SessionFactory [org.hibernate.internal.SessionFactoryImpl@7345c87f]
DEBUG 21-07-29 16:36:10[Thread-8] [AbstractServiceRegistryImpl:419] - Implicitly destroying ServiceRegistry on de-registration of all child ServiceRegistries
DEBUG 21-07-29 16:36:10[Thread-8] [BootstrapServiceRegistryImpl:295] - Implicitly destroying Boot-strap registry on de-registration of all child ServiceRegistries
WARN  21-07-29 16:36:10[Thread-8] [DisposableBeanAdapter:206] - Invocation of destroy method failed on bean with name 'inMemoryDatabaseShutdownExecutor'
org.h2.jdbc.JdbcSQLNonTransientConnectionException: Database is already closed (to disable automatic closing at VM shutdown, add ";DB_CLOSE_ON_EXIT=FALSE" to the db URL) [90121-200]
	at org.h2.message.DbException.getJdbcSQLException(DbException.java:622)
	at org.h2.message.DbException.getJdbcSQLException(DbException.java:429)
	at org.h2.message.DbException.get(DbException.java:205)
	at org.h2.message.DbException.get(DbException.java:181)
	at org.h2.message.DbException.get(DbException.java:170)
	at org.h2.jdbc.JdbcConnection.checkClosed(JdbcConnection.java:1514)
	at org.h2.jdbc.JdbcConnection.checkClosed(JdbcConnection.java:1490)
	at org.h2.jdbc.JdbcConnection.clearWarnings(JdbcConnection.java:703)
	at com.zaxxer.hikari.pool.ProxyConnection.close(ProxyConnection.java:267)
	at org.springframework.boot.devtools.autoconfigure.DevToolsDataSourceAutoConfiguration$NonEmbeddedInMemoryDatabaseShutdownExecutor$InMemoryDatabase.lambda$new$1(DevToolsDataSourceAutoConfiguration.java:142)
	at org.springframework.boot.devtools.autoconfigure.DevToolsDataSourceAutoConfiguration$NonEmbeddedInMemoryDatabaseShutdownExecutor$InMemoryDatabase.shutdown(DevToolsDataSourceAutoConfiguration.java:159)
	at org.springframework.boot.devtools.autoconfigure.DevToolsDataSourceAutoConfiguration$NonEmbeddedInMemoryDatabaseShutdownExecutor.destroy(DevToolsDataSourceAutoConfiguration.java:105)
	at org.springframework.beans.factory.support.DisposableBeanAdapter.destroy(DisposableBeanAdapter.java:200)
	at org.springframework.beans.factory.support.DefaultSingletonBeanRegistry.destroyBean(DefaultSingletonBeanRegistry.java:587)
	at org.springframework.beans.factory.support.DefaultSingletonBeanRegistry.destroySingleton(DefaultSingletonBeanRegistry.java:559)
	at org.springframework.beans.factory.support.DefaultListableBeanFactory.destroySingleton(DefaultListableBeanFactory.java:1152)
	at org.springframework.beans.factory.support.DefaultSingletonBeanRegistry.destroySingletons(DefaultSingletonBeanRegistry.java:520)
	at org.springframework.beans.factory.support.DefaultListableBeanFactory.destroySingletons(DefaultListableBeanFactory.java:1145)
	at org.springframework.context.support.AbstractApplicationContext.destroyBeans(AbstractApplicationContext.java:1106)
	at org.springframework.context.support.AbstractApplicationContext.doClose(AbstractApplicationContext.java:1075)
	at org.springframework.boot.web.servlet.context.ServletWebServerApplicationContext.doClose(ServletWebServerApplicationContext.java:172)
	at org.springframework.context.support.AbstractApplicationContext.close(AbstractApplicationContext.java:1021)
	at org.springframework.boot.devtools.restart.Restarter.stop(Restarter.java:309)
	at org.springframework.boot.devtools.restart.Restarter.lambda$restart$1(Restarter.java:251)
	at org.springframework.boot.devtools.restart.Restarter$LeakSafeThread.run(Restarter.java:629)
INFO  21-07-29 16:36:10[Thread-8] [HikariDataSource:350] - HikariPool-2 - Shutdown initiated...
DEBUG 21-07-29 16:36:10[Thread-8] [HikariPool:421] - HikariPool-2 - Before shutdown stats (total=10, active=0, idle=10, waiting=0)
DEBUG 21-07-29 16:36:10[HikariPool-2 connection closer] [PoolBase:134] - HikariPool-2 - Closing connection conn0: url=jdbc:h2:mem:c14f9ef2-702d-4dcd-97ae-278f552a594b user=SA: (connection evicted)
DEBUG 21-07-29 16:36:10[HikariPool-2 connection closer] [PoolBase:134] - HikariPool-2 - Closing connection conn1: url=jdbc:h2:mem:c14f9ef2-702d-4dcd-97ae-278f552a594b user=SA: (connection evicted)
DEBUG 21-07-29 16:36:10[HikariPool-2 connection closer] [PoolBase:134] - HikariPool-2 - Closing connection conn2: url=jdbc:h2:mem:c14f9ef2-702d-4dcd-97ae-278f552a594b user=SA: (connection evicted)
DEBUG 21-07-29 16:36:10[HikariPool-2 connection closer] [PoolBase:134] - HikariPool-2 - Closing connection conn3: url=jdbc:h2:mem:c14f9ef2-702d-4dcd-97ae-278f552a594b user=SA: (connection evicted)
DEBUG 21-07-29 16:36:10[HikariPool-2 connection closer] [PoolBase:134] - HikariPool-2 - Closing connection conn4: url=jdbc:h2:mem:c14f9ef2-702d-4dcd-97ae-278f552a594b user=SA: (connection evicted)
DEBUG 21-07-29 16:36:10[HikariPool-2 connection closer] [PoolBase:134] - HikariPool-2 - Closing connection conn5: url=jdbc:h2:mem:c14f9ef2-702d-4dcd-97ae-278f552a594b user=SA: (connection evicted)
DEBUG 21-07-29 16:36:10[HikariPool-2 connection closer] [PoolBase:134] - HikariPool-2 - Closing connection conn6: url=jdbc:h2:mem:c14f9ef2-702d-4dcd-97ae-278f552a594b user=SA: (connection evicted)
DEBUG 21-07-29 16:36:10[HikariPool-2 connection closer] [PoolBase:134] - HikariPool-2 - Closing connection conn7: url=jdbc:h2:mem:c14f9ef2-702d-4dcd-97ae-278f552a594b user=SA: (connection evicted)
DEBUG 21-07-29 16:36:10[HikariPool-2 connection closer] [PoolBase:134] - HikariPool-2 - Closing connection conn8: url=jdbc:h2:mem:c14f9ef2-702d-4dcd-97ae-278f552a594b user=SA: (connection evicted)
DEBUG 21-07-29 16:36:10[HikariPool-2 connection closer] [PoolBase:134] - HikariPool-2 - Closing connection conn9: url=jdbc:h2:mem:c14f9ef2-702d-4dcd-97ae-278f552a594b user=SA: (connection evicted)
DEBUG 21-07-29 16:36:10[Thread-8] [HikariPool:421] - HikariPool-2 - After shutdown stats (total=0, active=0, idle=0, waiting=0)
INFO  21-07-29 16:36:10[Thread-8] [HikariDataSource:352] - HikariPool-2 - Shutdown completed.
DEBUG 21-07-29 16:36:12[Thread-8] [Restarter:85] - Created RestartClassLoader org.springframework.boot.devtools.restart.classloader.RestartClassLoader@4d038f15
DEBUG 21-07-29 16:36:12[Thread-8] [Restarter:281] - Starting application com.oasis.OasisApplication with URLs [file:/C:/Users/coolkc/git/oasiss/target/classes/]
